\BOOKMARK [1][-]{Doc-Start}{\376\377\000A\000B\000S\000T\000R\000A\000C\000T}{}% 1
\BOOKMARK [1][-]{Doc-Start}{\376\377\144\130\000\040\211\201}{}% 2
\BOOKMARK [1][-]{section.1}{\376\377\000I\000N\000T\000R\000O\000D\000U\000C\000T\000I\000O\000N}{}% 3
\BOOKMARK [2][-]{subsection.1.1}{\376\377\000R\000e\000s\000e\000a\000r\000c\000h\000\040\000B\000a\000c\000k\000g\000r\000o\000u\000n\000d}{section.1}% 4
\BOOKMARK [2][-]{subsection.1.2}{\376\377\000P\000r\000o\000b\000l\000e\000m\000\040\000S\000t\000a\000t\000e\000m\000e\000n\000t}{section.1}% 5
\BOOKMARK [2][-]{subsection.1.3}{\376\377\000R\000e\000s\000e\000a\000r\000c\000h\000\040\000O\000b\000j\000e\000c\000t\000i\000v\000e\000s}{section.1}% 6
\BOOKMARK [2][-]{subsection.1.4}{\376\377\000R\000e\000s\000e\000a\000r\000c\000h\000\040\000S\000i\000g\000n\000i\000f\000i\000c\000a\000n\000c\000e}{section.1}% 7
\BOOKMARK [2][-]{subsection.1.5}{\376\377\000T\000h\000e\000s\000i\000s\000\040\000O\000r\000g\000a\000n\000i\000z\000a\000t\000i\000o\000n}{section.1}% 8
\BOOKMARK [2][-]{subsection.1.6}{\376\377\000S\000c\000o\000p\000e\000\040\000a\000n\000d\000\040\000L\000i\000m\000i\000t\000a\000t\000i\000o\000n\000s}{section.1}% 9
\BOOKMARK [1][-]{section.2}{\376\377\000L\000I\000T\000E\000R\000A\000T\000U\000R\000E\000\040\000R\000E\000V\000I\000E\000W}{}% 10
\BOOKMARK [2][-]{subsection.2.1}{\376\377\000A\000u\000t\000o\000n\000o\000m\000o\000u\000s\000\040\000N\000a\000v\000i\000g\000a\000t\000i\000o\000n\000\040\000i\000n\000\040\000P\000o\000l\000a\000r\000\040\000E\000n\000v\000i\000r\000o\000n\000m\000e\000n\000t\000s}{section.2}% 11
\BOOKMARK [3][-]{subsubsection.2.1.1}{\376\377\000C\000h\000a\000l\000l\000e\000n\000g\000e\000s\000\040\000o\000f\000\040\000P\000o\000l\000a\000r\000\040\000N\000a\000v\000i\000g\000a\000t\000i\000o\000n}{subsection.2.1}% 12
\BOOKMARK [3][-]{subsubsection.2.1.2}{\376\377\000E\000x\000i\000s\000t\000i\000n\000g\000\040\000A\000p\000p\000r\000o\000a\000c\000h\000e\000s\000\040\000t\000o\000\040\000I\000c\000e\000\040\000N\000a\000v\000i\000g\000a\000t\000i\000o\000n}{subsection.2.1}% 13
\BOOKMARK [2][-]{subsection.2.2}{\376\377\000S\000i\000m\000u\000l\000a\000t\000i\000o\000n\000\040\000f\000o\000r\000\040\000M\000a\000r\000i\000n\000e\000\040\000A\000u\000t\000o\000n\000o\000m\000o\000u\000s\000\040\000S\000y\000s\000t\000e\000m\000s}{section.2}% 14
\BOOKMARK [3][-]{subsubsection.2.2.1}{\376\377\000T\000h\000e\000\040\000R\000o\000l\000e\000\040\000o\000f\000\040\000S\000i\000m\000u\000l\000a\000t\000i\000o\000n\000\040\000i\000n\000\040\000M\000a\000r\000i\000n\000e\000\040\000R\000o\000b\000o\000t\000i\000c\000s}{subsection.2.2}% 15
\BOOKMARK [3][-]{subsubsection.2.2.2}{\376\377\000U\000n\000r\000e\000a\000l\000\040\000E\000n\000g\000i\000n\000e\000\040\000f\000o\000r\000\040\000M\000a\000r\000i\000n\000e\000\040\000S\000i\000m\000u\000l\000a\000t\000i\000o\000n}{subsection.2.2}% 16
\BOOKMARK [2][-]{subsection.2.3}{\376\377\0003\000D\000\040\000R\000e\000c\000o\000n\000s\000t\000r\000u\000c\000t\000i\000o\000n\000\040\000a\000n\000d\000\040\000N\000e\000u\000r\000a\000l\000\040\000R\000e\000n\000d\000e\000r\000i\000n\000g}{section.2}% 17
\BOOKMARK [3][-]{subsubsection.2.3.1}{\376\377\000T\000r\000a\000d\000i\000t\000i\000o\000n\000a\000l\000\040\0003\000D\000\040\000R\000e\000c\000o\000n\000s\000t\000r\000u\000c\000t\000i\000o\000n\000\040\000M\000e\000t\000h\000o\000d\000s}{subsection.2.3}% 18
\BOOKMARK [3][-]{subsubsection.2.3.2}{\376\377\000N\000e\000u\000r\000a\000l\000\040\000R\000a\000d\000i\000a\000n\000c\000e\000\040\000F\000i\000e\000l\000d\000s}{subsection.2.3}% 19
\BOOKMARK [3][-]{subsubsection.2.3.3}{\376\377\0003\000D\000\040\000G\000a\000u\000s\000s\000i\000a\000n\000\040\000S\000p\000l\000a\000t\000t\000i\000n\000g}{subsection.2.3}% 20
\BOOKMARK [2][-]{subsection.2.4}{\376\377\000M\000u\000l\000t\000i\000-\000M\000o\000d\000a\000l\000\040\000P\000e\000r\000c\000e\000p\000t\000i\000o\000n\000\040\000f\000o\000r\000\040\000N\000a\000v\000i\000g\000a\000t\000i\000o\000n}{section.2}% 21
\BOOKMARK [3][-]{subsubsection.2.4.1}{\376\377\000I\000n\000s\000t\000a\000n\000c\000e\000\040\000S\000e\000g\000m\000e\000n\000t\000a\000t\000i\000o\000n}{subsection.2.4}% 22
\BOOKMARK [3][-]{subsubsection.2.4.2}{\376\377\000D\000e\000p\000t\000h\000\040\000E\000s\000t\000i\000m\000a\000t\000i\000o\000n}{subsection.2.4}% 23
\BOOKMARK [3][-]{subsubsection.2.4.3}{\376\377\000S\000e\000n\000s\000o\000r\000\040\000F\000u\000s\000i\000o\000n}{subsection.2.4}% 24
\BOOKMARK [2][-]{subsection.2.5}{\376\377\000R\000e\000s\000e\000a\000r\000c\000h\000\040\000G\000a\000p\000s}{section.2}% 25
\BOOKMARK [1][-]{section.3}{\376\377\000M\000E\000T\000H\000O\000D\000O\000L\000O\000G\000Y}{}% 26
\BOOKMARK [2][-]{subsection.3.1}{\376\377\000S\000y\000s\000t\000e\000m\000\040\000A\000r\000c\000h\000i\000t\000e\000c\000t\000u\000r\000e\000\040\000O\000v\000e\000r\000v\000i\000e\000w}{section.3}% 27
\BOOKMARK [2][-]{subsection.3.2}{\376\377\000S\000i\000m\000u\000l\000a\000t\000i\000o\000n\000\040\000E\000n\000v\000i\000r\000o\000n\000m\000e\000n\000t\000\040\000C\000o\000n\000f\000i\000g\000u\000r\000a\000t\000i\000o\000n}{section.3}% 28
\BOOKMARK [3][-]{subsubsection.3.2.1}{\376\377\000A\000S\000V\000S\000i\000m\000\040\000a\000n\000d\000\040\000U\000n\000r\000e\000a\000l\000\040\000E\000n\000g\000i\000n\000e\000\040\0005\000\040\000I\000n\000t\000e\000g\000r\000a\000t\000i\000o\000n}{subsection.3.2}% 29
\BOOKMARK [3][-]{subsubsection.3.2.2}{\376\377\000S\000e\000n\000s\000o\000r\000\040\000C\000o\000n\000f\000i\000g\000u\000r\000a\000t\000i\000o\000n}{subsection.3.2}% 30
\BOOKMARK [3][-]{subsubsection.3.2.3}{\376\377\000R\000e\000n\000d\000e\000r\000i\000n\000g\000\040\000O\000p\000t\000i\000m\000i\000z\000a\000t\000i\000o\000n}{subsection.3.2}% 31
\BOOKMARK [2][-]{subsection.3.3}{\376\377\000M\000u\000l\000t\000i\000-\000M\000o\000d\000a\000l\000\040\000D\000a\000t\000a\000\040\000C\000o\000l\000l\000e\000c\000t\000i\000o\000n\000\040\000P\000i\000p\000e\000l\000i\000n\000e}{section.3}% 32
\BOOKMARK [3][-]{subsubsection.3.3.1}{\376\377\000C\000o\000l\000l\000e\000c\000t\000i\000o\000n\000\040\000S\000t\000r\000a\000t\000e\000g\000y}{subsection.3.3}% 33
\BOOKMARK [3][-]{subsubsection.3.3.2}{\376\377\000D\000a\000t\000a\000\040\000S\000y\000n\000c\000h\000r\000o\000n\000i\000z\000a\000t\000i\000o\000n}{subsection.3.3}% 34
\BOOKMARK [3][-]{subsubsection.3.3.3}{\376\377\000I\000m\000a\000g\000e\000\040\000T\000y\000p\000e\000\040\000H\000a\000n\000d\000l\000i\000n\000g}{subsection.3.3}% 35
\BOOKMARK [3][-]{subsubsection.3.3.4}{\376\377\000D\000a\000t\000a\000\040\000F\000o\000r\000m\000a\000t\000\040\000C\000o\000n\000v\000e\000r\000s\000i\000o\000n}{subsection.3.3}% 36
\BOOKMARK [2][-]{subsection.3.4}{\376\377\000O\000u\000t\000p\000u\000t\000\040\000D\000a\000t\000a\000\040\000S\000t\000r\000u\000c\000t\000u\000r\000e}{section.3}% 37
\BOOKMARK [3][-]{subsubsection.3.4.1}{\376\377\000P\000o\000s\000e\000\040\000F\000i\000l\000e\000\040\000F\000o\000r\000m\000a\000t}{subsection.3.4}% 38
\BOOKMARK [2][-]{subsection.3.5}{\376\377\000C\000O\000L\000M\000A\000P\000\040\000F\000o\000r\000m\000a\000t\000\040\000C\000o\000n\000v\000e\000r\000s\000i\000o\000n}{section.3}% 39
\BOOKMARK [2][-]{subsection.3.6}{\376\377\000E\000r\000r\000o\000r\000\040\000H\000a\000n\000d\000l\000i\000n\000g\000\040\000a\000n\000d\000\040\000V\000a\000l\000i\000d\000a\000t\000i\000o\000n}{section.3}% 40
\BOOKMARK [2][-]{subsection.3.7}{\376\377\000I\000m\000p\000l\000e\000m\000e\000n\000t\000a\000t\000i\000o\000n\000\040\000D\000e\000t\000a\000i\000l\000s}{section.3}% 41
\BOOKMARK [2][-]{subsection.3.8}{\376\377\000I\000n\000t\000e\000l\000l\000i\000g\000e\000n\000t\000\040\000P\000e\000r\000c\000e\000p\000t\000i\000o\000n\000\040\000L\000a\000y\000e\000r}{section.3}% 42
\BOOKMARK [3][-]{subsubsection.3.8.1}{\376\377\000D\000e\000p\000t\000h\000\040\000E\000s\000t\000i\000m\000a\000t\000i\000o\000n\000\040\000w\000i\000t\000h\000\040\000D\000e\000p\000t\000h\000\040\000A\000n\000y\000t\000h\000i\000n\000g\000\040\0003}{subsection.3.8}% 43
\BOOKMARK [3][-]{subsubsection.3.8.2}{\376\377\000I\000n\000s\000t\000a\000n\000c\000e\000\040\000S\000e\000g\000m\000e\000n\000t\000a\000t\000i\000o\000n\000\040\000w\000i\000t\000h\000\040\000S\000A\000M\000\040\0003}{subsection.3.8}% 44
\BOOKMARK [3][-]{subsubsection.3.8.3}{\376\377\000D\000e\000p\000t\000h\000-\000S\000e\000g\000m\000e\000n\000t\000a\000t\000i\000o\000n\000\040\000F\000u\000s\000i\000o\000n}{subsection.3.8}% 45
\BOOKMARK [1][-]{section.4}{\376\377\000E\000X\000P\000E\000R\000I\000M\000E\000N\000T\000S\000\040\000A\000N\000D\000\040\000R\000E\000S\000U\000L\000T\000S}{}% 46
\BOOKMARK [2][-]{subsection.4.1}{\376\377\000E\000x\000p\000e\000r\000i\000m\000e\000n\000t\000a\000l\000\040\000S\000e\000t\000u\000p}{section.4}% 47
\BOOKMARK [3][-]{subsubsection.4.1.1}{\376\377\000H\000a\000r\000d\000w\000a\000r\000e\000\040\000C\000o\000n\000f\000i\000g\000u\000r\000a\000t\000i\000o\000n}{subsection.4.1}% 48
\BOOKMARK [3][-]{subsubsection.4.1.2}{\376\377\000S\000o\000f\000t\000w\000a\000r\000e\000\040\000E\000n\000v\000i\000r\000o\000n\000m\000e\000n\000t}{subsection.4.1}% 49
\BOOKMARK [3][-]{subsubsection.4.1.3}{\376\377\000S\000i\000m\000u\000l\000a\000t\000i\000o\000n\000\040\000E\000n\000v\000i\000r\000o\000n\000m\000e\000n\000t}{subsection.4.1}% 50
\BOOKMARK [2][-]{subsection.4.2}{\376\377\000S\000e\000n\000s\000o\000r\000\040\000V\000a\000l\000i\000d\000a\000t\000i\000o\000n}{section.4}% 51
\BOOKMARK [2][-]{subsection.4.3}{\376\377\000D\000a\000t\000a\000\040\000C\000o\000l\000l\000e\000c\000t\000i\000o\000n\000\040\000E\000x\000p\000e\000r\000i\000m\000e\000n\000t\000s}{section.4}% 52
\BOOKMARK [3][-]{subsubsection.4.3.1}{\376\377\000E\000x\000p\000e\000r\000i\000m\000e\000n\000t\000\040\0001\000:\000\040\000B\000a\000s\000e\000l\000i\000n\000e\000\040\000C\000i\000r\000c\000u\000l\000a\000r\000\040\000T\000r\000a\000j\000e\000c\000t\000o\000r\000y}{subsection.4.3}% 53
\BOOKMARK [3][-]{subsubsection.4.3.2}{\376\377\000E\000x\000p\000e\000r\000i\000m\000e\000n\000t\000\040\0002\000:\000\040\000P\000e\000r\000f\000o\000r\000m\000a\000n\000c\000e\000\040\000C\000o\000m\000p\000a\000r\000i\000s\000o\000n}{subsection.4.3}% 54
\BOOKMARK [3][-]{subsubsection.4.3.3}{\376\377\000E\000x\000p\000e\000r\000i\000m\000e\000n\000t\000\040\0003\000:\000\040\000T\000r\000a\000j\000e\000c\000t\000o\000r\000y\000\040\000A\000n\000a\000l\000y\000s\000i\000s}{subsection.4.3}% 55
\BOOKMARK [2][-]{subsection.4.4}{\376\377\000D\000a\000t\000a\000\040\000Q\000u\000a\000l\000i\000t\000y\000\040\000A\000n\000a\000l\000y\000s\000i\000s}{section.4}% 56
\BOOKMARK [3][-]{subsubsection.4.4.1}{\376\377\000R\000G\000B\000\040\000I\000m\000a\000g\000e\000\040\000Q\000u\000a\000l\000i\000t\000y}{subsection.4.4}% 57
\BOOKMARK [3][-]{subsubsection.4.4.2}{\376\377\000D\000e\000p\000t\000h\000\040\000M\000a\000p\000\040\000A\000n\000a\000l\000y\000s\000i\000s}{subsection.4.4}% 58
\BOOKMARK [3][-]{subsubsection.4.4.3}{\376\377\000L\000i\000D\000A\000R\000\040\000P\000o\000i\000n\000t\000\040\000C\000l\000o\000u\000d\000\040\000Q\000u\000a\000l\000i\000t\000y}{subsection.4.4}% 59
\BOOKMARK [3][-]{subsubsection.4.4.4}{\376\377\000P\000o\000s\000e\000\040\000C\000o\000n\000t\000i\000n\000u\000i\000t\000y}{subsection.4.4}% 60
\BOOKMARK [2][-]{subsection.4.5}{\376\377\000D\000a\000t\000a\000s\000e\000t\000\040\000V\000a\000l\000i\000d\000a\000t\000i\000o\000n}{section.4}% 61
\BOOKMARK [2][-]{subsection.4.6}{\376\377\000C\000O\000L\000M\000A\000P\000\040\000F\000o\000r\000m\000a\000t\000\040\000V\000e\000r\000i\000f\000i\000c\000a\000t\000i\000o\000n}{section.4}% 62
\BOOKMARK [2][-]{subsection.4.7}{\376\377\000D\000i\000s\000c\000u\000s\000s\000i\000o\000n\000\040\000o\000f\000\040\000R\000e\000s\000u\000l\000t\000s}{section.4}% 63
\BOOKMARK [2][-]{subsection.4.8}{\376\377\000D\000e\000p\000t\000h\000\040\000E\000s\000t\000i\000m\000a\000t\000i\000o\000n\000\040\000E\000x\000p\000e\000r\000i\000m\000e\000n\000t\000s}{section.4}% 64
\BOOKMARK [3][-]{subsubsection.4.8.1}{\376\377\000E\000x\000p\000e\000r\000i\000m\000e\000n\000t\000a\000l\000\040\000S\000e\000t\000u\000p}{subsection.4.8}% 65
\BOOKMARK [3][-]{subsubsection.4.8.2}{\376\377\000P\000e\000r\000f\000o\000r\000m\000a\000n\000c\000e\000\040\000R\000e\000s\000u\000l\000t\000s}{subsection.4.8}% 66
\BOOKMARK [3][-]{subsubsection.4.8.3}{\376\377\000D\000e\000p\000t\000h\000\040\000Q\000u\000a\000l\000i\000t\000y\000\040\000A\000n\000a\000l\000y\000s\000i\000s}{subsection.4.8}% 67
\BOOKMARK [3][-]{subsubsection.4.8.4}{\376\377\000D\000e\000p\000t\000h\000\040\000A\000l\000i\000g\000n\000m\000e\000n\000t\000\040\000V\000a\000l\000i\000d\000a\000t\000i\000o\000n}{subsection.4.8}% 68
\BOOKMARK [2][-]{subsection.4.9}{\376\377\000I\000n\000s\000t\000a\000n\000c\000e\000\040\000S\000e\000g\000m\000e\000n\000t\000a\000t\000i\000o\000n\000\040\000E\000x\000p\000e\000r\000i\000m\000e\000n\000t\000s}{section.4}% 69
\BOOKMARK [3][-]{subsubsection.4.9.1}{\376\377\000S\000A\000M\000\040\0003\000\040\000D\000e\000p\000l\000o\000y\000m\000e\000n\000t}{subsection.4.9}% 70
\BOOKMARK [3][-]{subsubsection.4.9.2}{\376\377\000S\000e\000g\000m\000e\000n\000t\000a\000t\000i\000o\000n\000\040\000R\000e\000s\000u\000l\000t\000s}{subsection.4.9}% 71
\BOOKMARK [3][-]{subsubsection.4.9.3}{\376\377\000S\000e\000g\000m\000e\000n\000t\000a\000t\000i\000o\000n\000\040\000Q\000u\000a\000l\000i\000t\000y}{subsection.4.9}% 72
\BOOKMARK [2][-]{subsection.4.10}{\376\377\000P\000o\000s\000e\000\040\000E\000s\000t\000i\000m\000a\000t\000i\000o\000n\000\040\000V\000a\000l\000i\000d\000a\000t\000i\000o\000n}{section.4}% 73
\BOOKMARK [3][-]{subsubsection.4.10.1}{\376\377\000D\000A\0003\000\040\000P\000o\000s\000e\000\040\000P\000r\000e\000d\000i\000c\000t\000i\000o\000n\000\040\000A\000s\000s\000e\000s\000s\000m\000e\000n\000t}{subsection.4.10}% 74
\BOOKMARK [3][-]{subsubsection.4.10.2}{\376\377\000T\000r\000a\000j\000e\000c\000t\000o\000r\000y\000\040\000A\000n\000a\000l\000y\000s\000i\000s\000\040\000R\000e\000s\000u\000l\000t\000s}{subsection.4.10}% 75
\BOOKMARK [3][-]{subsubsection.4.10.3}{\376\377\000F\000a\000i\000l\000u\000r\000e\000\040\000A\000n\000a\000l\000y\000s\000i\000s}{subsection.4.10}% 76
\BOOKMARK [3][-]{subsubsection.4.10.4}{\376\377\000M\000i\000t\000i\000g\000a\000t\000i\000o\000n\000\040\000S\000t\000r\000a\000t\000e\000g\000y}{subsection.4.10}% 77
\BOOKMARK [1][-]{section.5}{\376\377\000D\000I\000S\000C\000U\000S\000S\000I\000O\000N}{}% 78
\BOOKMARK [2][-]{subsection.5.1}{\376\377\000I\000n\000t\000e\000r\000p\000r\000e\000t\000a\000t\000i\000o\000n\000\040\000o\000f\000\040\000R\000e\000s\000u\000l\000t\000s}{section.5}% 79
\BOOKMARK [2][-]{subsection.5.2}{\376\377\000T\000e\000c\000h\000n\000i\000c\000a\000l\000\040\000C\000h\000a\000l\000l\000e\000n\000g\000e\000s\000\040\000a\000n\000d\000\040\000S\000o\000l\000u\000t\000i\000o\000n\000s}{section.5}% 80
\BOOKMARK [3][-]{subsubsection.5.2.1}{\376\377\000I\000m\000a\000g\000e\000\040\000C\000o\000l\000o\000r\000\040\000S\000p\000a\000c\000e\000\040\000C\000o\000n\000v\000e\000r\000s\000i\000o\000n}{subsection.5.2}% 81
\BOOKMARK [3][-]{subsubsection.5.2.2}{\376\377\000C\000a\000m\000e\000r\000a\000\040\000P\000o\000s\000i\000t\000i\000o\000n\000\040\000O\000p\000t\000i\000m\000i\000z\000a\000t\000i\000o\000n}{subsection.5.2}% 82
\BOOKMARK [3][-]{subsubsection.5.2.3}{\376\377\000C\000o\000s\000y\000s\000A\000i\000r\000S\000i\000m\000\040\000A\000P\000I\000\040\000C\000o\000m\000p\000a\000t\000i\000b\000i\000l\000i\000t\000y}{subsection.5.2}% 83
\BOOKMARK [3][-]{subsubsection.5.2.4}{\376\377\000R\000P\000C\000\040\000C\000a\000l\000l\000\040\000O\000p\000t\000i\000m\000i\000z\000a\000t\000i\000o\000n}{subsection.5.2}% 84
\BOOKMARK [2][-]{subsection.5.3}{\376\377\000L\000i\000m\000i\000t\000a\000t\000i\000o\000n\000s}{section.5}% 85
\BOOKMARK [3][-]{subsubsection.5.3.1}{\376\377\000E\000n\000v\000i\000r\000o\000n\000m\000e\000n\000t\000\040\000F\000i\000d\000e\000l\000i\000t\000y}{subsection.5.3}% 86
\BOOKMARK [3][-]{subsubsection.5.3.2}{\376\377\000T\000r\000a\000j\000e\000c\000t\000o\000r\000y\000\040\000D\000i\000v\000e\000r\000s\000i\000t\000y}{subsection.5.3}% 87
\BOOKMARK [3][-]{subsubsection.5.3.3}{\376\377\000S\000e\000g\000m\000e\000n\000t\000a\000t\000i\000o\000n\000\040\000G\000r\000o\000u\000n\000d\000\040\000T\000r\000u\000t\000h}{subsection.5.3}% 88
\BOOKMARK [3][-]{subsubsection.5.3.4}{\376\377\000C\000o\000o\000r\000d\000i\000n\000a\000t\000e\000\040\000S\000y\000s\000t\000e\000m\000\040\000C\000o\000n\000v\000e\000r\000s\000i\000o\000n}{subsection.5.3}% 89
\BOOKMARK [3][-]{subsubsection.5.3.5}{\376\377\000D\000y\000n\000a\000m\000i\000c\000\040\000E\000l\000e\000m\000e\000n\000t\000s}{subsection.5.3}% 90
\BOOKMARK [3][-]{subsubsection.5.3.6}{\376\377\000P\000e\000r\000c\000e\000p\000t\000i\000o\000n\000\040\000A\000l\000g\000o\000r\000i\000t\000h\000m\000\040\000L\000i\000m\000i\000t\000a\000t\000i\000o\000n\000s}{subsection.5.3}% 91
\BOOKMARK [2][-]{subsection.5.4}{\376\377\000C\000o\000m\000p\000a\000r\000i\000s\000o\000n\000\040\000w\000i\000t\000h\000\040\000R\000e\000l\000a\000t\000e\000d\000\040\000W\000o\000r\000k}{section.5}% 92
\BOOKMARK [2][-]{subsection.5.5}{\376\377\000I\000m\000p\000l\000i\000c\000a\000t\000i\000o\000n\000s\000\040\000f\000o\000r\000\040\000P\000o\000l\000a\000r\000\040\000N\000a\000v\000i\000g\000a\000t\000i\000o\000n}{section.5}% 93
\BOOKMARK [2][-]{subsection.5.6}{\376\377\000F\000u\000t\000u\000r\000e\000\040\000R\000e\000s\000e\000a\000r\000c\000h\000\040\000D\000i\000r\000e\000c\000t\000i\000o\000n\000s}{section.5}% 94
\BOOKMARK [3][-]{subsubsection.5.6.1}{\376\377\000P\000o\000l\000a\000r\000\040\000E\000n\000v\000i\000r\000o\000n\000m\000e\000n\000t\000\040\000I\000n\000t\000e\000g\000r\000a\000t\000i\000o\000n}{subsection.5.6}% 95
\BOOKMARK [3][-]{subsubsection.5.6.2}{\376\377\000P\000e\000r\000c\000e\000p\000t\000i\000o\000n\000\040\000M\000o\000d\000u\000l\000e\000\040\000D\000e\000v\000e\000l\000o\000p\000m\000e\000n\000t}{subsection.5.6}% 96
\BOOKMARK [3][-]{subsubsection.5.6.3}{\376\377\0003\000D\000G\000S\000\040\000T\000r\000a\000i\000n\000i\000n\000g\000\040\000a\000n\000d\000\040\000E\000v\000a\000l\000u\000a\000t\000i\000o\000n}{subsection.5.6}% 97
\BOOKMARK [3][-]{subsubsection.5.6.4}{\376\377\000P\000a\000t\000h\000\040\000P\000l\000a\000n\000n\000i\000n\000g\000\040\000I\000m\000p\000l\000e\000m\000e\000n\000t\000a\000t\000i\000o\000n}{subsection.5.6}% 98
\BOOKMARK [3][-]{subsubsection.5.6.5}{\376\377\000S\000i\000m\000-\000t\000o\000-\000R\000e\000a\000l\000\040\000T\000r\000a\000n\000s\000f\000e\000r}{subsection.5.6}% 99
\BOOKMARK [2][-]{subsection.5.7}{\376\377\000C\000o\000n\000t\000r\000i\000b\000u\000t\000i\000o\000n\000\040\000t\000o\000\040\000t\000h\000e\000\040\000F\000i\000e\000l\000d}{section.5}% 100
\BOOKMARK [1][-]{section.6}{\376\377\000C\000O\000N\000C\000L\000U\000S\000I\000O\000N}{}% 101
\BOOKMARK [2][-]{subsection.6.1}{\376\377\000S\000u\000m\000m\000a\000r\000y\000\040\000o\000f\000\040\000W\000o\000r\000k}{section.6}% 102
\BOOKMARK [2][-]{subsection.6.2}{\376\377\000K\000e\000y\000\040\000F\000i\000n\000d\000i\000n\000g\000s}{section.6}% 103
\BOOKMARK [2][-]{subsection.6.3}{\376\377\000C\000o\000n\000t\000r\000i\000b\000u\000t\000i\000o\000n\000s}{section.6}% 104
\BOOKMARK [2][-]{subsection.6.4}{\376\377\000L\000i\000m\000i\000t\000a\000t\000i\000o\000n\000s}{section.6}% 105
\BOOKMARK [2][-]{subsection.6.5}{\376\377\000F\000u\000t\000u\000r\000e\000\040\000W\000o\000r\000k}{section.6}% 106
\BOOKMARK [2][-]{subsection.6.6}{\376\377\000C\000l\000o\000s\000i\000n\000g\000\040\000R\000e\000m\000a\000r\000k\000s}{section.6}% 107
\BOOKMARK [1][-]{subsection.6.6}{\376\377\000R\000e\000f\000e\000r\000e\000n\000c\000e}{}% 108
\BOOKMARK [1][-]{subsection.6.6}{\376\377\201\364\000\040\214\042}{}% 109
\BOOKMARK [1][-]{subsection.6.6}{\376\377\000A\000c\000k\000n\000o\000w\000l\000e\000d\000g\000e\000m\000e\000n\000t\000s}{}% 110
\BOOKMARK [1][-]{subsection.6.6}{\376\377\000P\000u\000b\000l\000i\000s\000h\000e\000d\000\040\000p\000a\000p\000e\000r\000s\000\040\000a\000n\000d\000\040\000r\000e\000s\000e\000a\000r\000c\000h\000\040\000a\000c\000h\000i\000e\000v\000e\000m\000e\000n\000t\000s\000\040\000d\000u\000r\000i\000n\000g\000\040\000t\000h\000e\000\040\000p\000u\000r\000s\000u\000i\000t\000\040\000o\000f\000\040\000b\000a\000c\000h\000e\000l\000o\000r\000'\000s\000\040\000d\000e\000g\000r\000e\000e}{}% 111
\BOOKMARK [1][-]{subsection.6.6}{\376\377\000A\000p\000p\000e\000n\000d\000i\000x}{}% 112
\BOOKMARK [1][-]{section.7}{\376\377\000D\000A\000T\000A\000\040\000C\000O\000L\000L\000E\000C\000T\000I\000O\000N\000\040\000S\000O\000U\000R\000C\000E\000\040\000C\000O\000D\000E}{}% 113
\BOOKMARK [2][-]{subsection.7.1}{\376\377\000M\000a\000i\000n\000\040\000C\000o\000l\000l\000e\000c\000t\000i\000o\000n\000\040\000S\000c\000r\000i\000p\000t\000\040\000\050\0003\000-\000c\000o\000l\000l\000e\000c\000t\000\137\000d\000a\000t\000a\000s\000e\000t\000\137\000v\0002\000.\000p\000y\000\051}{section.7}% 114
\BOOKMARK [2][-]{subsection.7.2}{\376\377\000A\000S\000V\000S\000i\000m\000\040\000S\000e\000t\000t\000i\000n\000g\000s\000\040\000C\000o\000n\000f\000i\000g\000u\000r\000a\000t\000i\000o\000n}{section.7}% 115
\BOOKMARK [2][-]{subsection.7.3}{\376\377\000D\000a\000t\000a\000s\000e\000t\000\040\000V\000a\000l\000i\000d\000a\000t\000i\000o\000n\000\040\000S\000c\000r\000i\000p\000t}{section.7}% 116
